   _______  _______ _________ _        _______ 
  (  ____ \(       )\__   __/( (    /|(  ___  )
  | (    \/| () () |   ) (   |  \  ( || (   ) |
  | (_____ | || || |   | |   |   \ | || (___) |
  (_____  )| |(_)| |   | |   | (\ \) ||  ___  |
        ) || |   | |   | |   | | \   || (   ) |
  /\____) || )   ( |___) (___| )  \  || )   ( |
  \_______)|/     \|\_______/|/    )_)|/     \|


smina is based off AutoDock Vina. Please cite appropriately.

Weights      Terms
-0.045       gauss(o=0,_w=0.8,_c=8)
0.8          repulsion(o=0,_c=8)
-0.035       hydrophobic(g=0,_b=2.5,_c=8)
-0.6         non_dir_h_bond(g=-0.6,_b=0,_c=8)
0            num_tors_div

Using random seed: -1938267149

0%   10   20   30   40   50   60   70   80   90   100%
|----|----|----|----|----|----|----|----|----|----|
***************************************************

mode |   affinity | dist from best mode
     | (kcal/mol) | rmsd l.b.| rmsd u.b.
-----+------------+----------+----------
1       0.0        0.000      0.000    
2       0.0        2.392      2.689    
3       0.0        11.527     14.067   
Refine time 9.477
Loop time 9.521
   _______  _______ _________ _        _______ 
  (  ____ \(       )\__   __/( (    /|(  ___  )
  | (    \/| () () |   ) (   |  \  ( || (   ) |
  | (_____ | || || |   | |   |   \ | || (___) |
  (_____  )| |(_)| |   | |   | (\ \) ||  ___  |
        ) || |   | |   | |   | | \   || (   ) |
  /\____) || )   ( |___) (___| )  \  || )   ( |
  \_______)|/     \|\_______/|/    )_)|/     \|


smina is based off AutoDock Vina. Please cite appropriately.

Weights      Terms
-0.045       gauss(o=0,_w=0.8,_c=8)
0.8          repulsion(o=0,_c=8)
-0.035       hydrophobic(g=0,_b=2.5,_c=8)
-0.6         non_dir_h_bond(g=-0.6,_b=0,_c=8)
0            num_tors_div

Using random seed: -959703023

0%   10   20   30   40   50   60   70   80   90   100%
|----|----|----|----|----|----|----|----|----|----|
***************************************************

mode |   affinity | dist from best mode
     | (kcal/mol) | rmsd l.b.| rmsd u.b.
-----+------------+----------+----------
1       0.0        0.000      0.000    
2       0.0        3.377      5.899    
3       0.0        7.085      8.720    
Refine time 27.308
Loop time 27.441
   _______  _______ _________ _        _______ 
  (  ____ \(       )\__   __/( (    /|(  ___  )
  | (    \/| () () |   ) (   |  \  ( || (   ) |
  | (_____ | || || |   | |   |   \ | || (___) |
  (_____  )| |(_)| |   | |   | (\ \) ||  ___  |
        ) || |   | |   | |   | | \   || (   ) |
  /\____) || )   ( |___) (___| )  \  || )   ( |
  \_______)|/     \|\_______/|/    )_)|/     \|


smina is based off AutoDock Vina. Please cite appropriately.

Weights      Terms
-0.045       gauss(o=0,_w=0.8,_c=8)
0.8          repulsion(o=0,_c=8)
-0.035       hydrophobic(g=0,_b=2.5,_c=8)
-0.6         non_dir_h_bond(g=-0.6,_b=0,_c=8)
0            num_tors_div

Using random seed: 1758846813

0%   10   20   30   40   50   60   70   80   90   100%
|----|----|----|----|----|----|----|----|----|----|
***************************************************

mode |   affinity | dist from best mode
     | (kcal/mol) | rmsd l.b.| rmsd u.b.
-----+------------+----------+----------
1       -0.0       0.000      0.000    
2       -0.0       5.283      6.233    
3       -0.0       5.501      6.406    
Refine time 30.263
Loop time 30.534
   _______  _______ _________ _        _______ 
  (  ____ \(       )\__   __/( (    /|(  ___  )
  | (    \/| () () |   ) (   |  \  ( || (   ) |
  | (_____ | || || |   | |   |   \ | || (___) |
  (_____  )| |(_)| |   | |   | (\ \) ||  ___  |
        ) || |   | |   | |   | | \   || (   ) |
  /\____) || )   ( |___) (___| )  \  || )   ( |
  \_______)|/     \|\_______/|/    )_)|/     \|


smina is based off AutoDock Vina. Please cite appropriately.

Weights      Terms
-0.045       gauss(o=0,_w=0.8,_c=8)
0.8          repulsion(o=0,_c=8)
-0.035       hydrophobic(g=0,_b=2.5,_c=8)
-0.6         non_dir_h_bond(g=-0.6,_b=0,_c=8)
0            num_tors_div

Using random seed: -280065564

0%   10   20   30   40   50   60   70   80   90   100%
|----|----|----|----|----|----|----|----|----|----|
***************************************************

mode |   affinity | dist from best mode
     | (kcal/mol) | rmsd l.b.| rmsd u.b.
-----+------------+----------+----------
1       -0.0       0.000      0.000    
2       -0.0       4.375      6.897    
3       -0.0       5.865      7.713    
Refine time 40.771
Loop time 40.805
   _______  _______ _________ _        _______ 
  (  ____ \(       )\__   __/( (    /|(  ___  )
  | (    \/| () () |   ) (   |  \  ( || (   ) |
  | (_____ | || || |   | |   |   \ | || (___) |
  (_____  )| |(_)| |   | |   | (\ \) ||  ___  |
        ) || |   | |   | |   | | \   || (   ) |
  /\____) || )   ( |___) (___| )  \  || )   ( |
  \_______)|/     \|\_______/|/    )_)|/     \|


smina is based off AutoDock Vina. Please cite appropriately.

Weights      Terms
-0.045       gauss(o=0,_w=0.8,_c=8)
0.8          repulsion(o=0,_c=8)
-0.035       hydrophobic(g=0,_b=2.5,_c=8)
-0.6         non_dir_h_bond(g=-0.6,_b=0,_c=8)
0            num_tors_div

Using random seed: -1639340482

0%   10   20   30   40   50   60   70   80   90   100%
|----|----|----|----|----|----|----|----|----|----|
***************************************************

mode |   affinity | dist from best mode
     | (kcal/mol) | rmsd l.b.| rmsd u.b.
-----+------------+----------+----------
1       0.0        0.000      0.000    
2       0.0        3.150      6.805    
3       0.0        6.044      8.707    
Refine time 41.086
Loop time 41.103
   _______  _______ _________ _        _______ 
  (  ____ \(       )\__   __/( (    /|(  ___  )
  | (    \/| () () |   ) (   |  \  ( || (   ) |
  | (_____ | || || |   | |   |   \ | || (___) |
  (_____  )| |(_)| |   | |   | (\ \) ||  ___  |
        ) || |   | |   | |   | | \   || (   ) |
  /\____) || )   ( |___) (___| )  \  || )   ( |
  \_______)|/     \|\_______/|/    )_)|/     \|


smina is based off AutoDock Vina. Please cite appropriately.

Weights      Terms
-0.045       gauss(o=0,_w=0.8,_c=8)
0.8          repulsion(o=0,_c=8)
-0.035       hydrophobic(g=0,_b=2.5,_c=8)
-0.6         non_dir_h_bond(g=-0.6,_b=0,_c=8)
0            num_tors_div

Using random seed: 1378136021

0%   10   20   30   40   50   60   70   80   90   100%
|----|----|----|----|----|----|----|----|----|----|
***************************************************

mode |   affinity | dist from best mode
     | (kcal/mol) | rmsd l.b.| rmsd u.b.
-----+------------+----------+----------
1       -0.0       0.000      0.000    
2       -0.0       9.283      10.533   
3       -0.0       8.025      8.871    
Refine time 46.317
Loop time 46.330
   _______  _______ _________ _        _______ 
  (  ____ \(       )\__   __/( (    /|(  ___  )
  | (    \/| () () |   ) (   |  \  ( || (   ) |
  | (_____ | || || |   | |   |   \ | || (___) |
  (_____  )| |(_)| |   | |   | (\ \) ||  ___  |
        ) || |   | |   | |   | | \   || (   ) |
  /\____) || )   ( |___) (___| )  \  || )   ( |
  \_______)|/     \|\_______/|/    )_)|/     \|


smina is based off AutoDock Vina. Please cite appropriately.

Weights      Terms
-0.045       gauss(o=0,_w=0.8,_c=8)
0.8          repulsion(o=0,_c=8)
-0.035       hydrophobic(g=0,_b=2.5,_c=8)
-0.6         non_dir_h_bond(g=-0.6,_b=0,_c=8)
0            num_tors_div

Using random seed: -654785208

0%   10   20   30   40   50   60   70   80   90   100%
|----|----|----|----|----|----|----|----|----|----|
***************************************************

mode |   affinity | dist from best mode
     | (kcal/mol) | rmsd l.b.| rmsd u.b.
-----+------------+----------+----------
1       -0.0       0.000      0.000    
2       -0.0       8.342      10.056   
3       -0.0       3.706      4.859    
Refine time 38.001
Loop time 38.238
   _______  _______ _________ _        _______ 
  (  ____ \(       )\__   __/( (    /|(  ___  )
  | (    \/| () () |   ) (   |  \  ( || (   ) |
  | (_____ | || || |   | |   |   \ | || (___) |
  (_____  )| |(_)| |   | |   | (\ \) ||  ___  |
        ) || |   | |   | |   | | \   || (   ) |
  /\____) || )   ( |___) (___| )  \  || )   ( |
  \_______)|/     \|\_______/|/    )_)|/     \|


smina is based off AutoDock Vina. Please cite appropriately.

Weights      Terms
-0.045       gauss(o=0,_w=0.8,_c=8)
0.8          repulsion(o=0,_c=8)
-0.035       hydrophobic(g=0,_b=2.5,_c=8)
-0.6         non_dir_h_bond(g=-0.6,_b=0,_c=8)
0            num_tors_div

Using random seed: 2057773480

0%   10   20   30   40   50   60   70   80   90   100%
|----|----|----|----|----|----|----|----|----|----|
***************************************************

mode |   affinity | dist from best mode
     | (kcal/mol) | rmsd l.b.| rmsd u.b.
-----+------------+----------+----------
1       -0.0       0.000      0.000    
2       -0.0       5.554      6.222    
3       0.0        7.408      10.404   
Refine time 65.600
Loop time 65.711
   _______  _______ _________ _        _______ 
  (  ____ \(       )\__   __/( (    /|(  ___  )
  | (    \/| () () |   ) (   |  \  ( || (   ) |
  | (_____ | || || |   | |   |   \ | || (___) |
  (_____  )| |(_)| |   | |   | (\ \) ||  ___  |
        ) || |   | |   | |   | | \   || (   ) |
  /\____) || )   ( |___) (___| )  \  || )   ( |
  \_______)|/     \|\_______/|/    )_)|/     \|


smina is based off AutoDock Vina. Please cite appropriately.

Weights      Terms
-0.045       gauss(o=0,_w=0.8,_c=8)
0.8          repulsion(o=0,_c=8)
-0.035       hydrophobic(g=0,_b=2.5,_c=8)
-0.6         non_dir_h_bond(g=-0.6,_b=0,_c=8)
0            num_tors_div

Using random seed: -1258629690

0%   10   20   30   40   50   60   70   80   90   100%
|----|----|----|----|----|----|----|----|----|----|
***************************************************

mode |   affinity | dist from best mode
     | (kcal/mol) | rmsd l.b.| rmsd u.b.
-----+------------+----------+----------
1       -0.0       0.000      0.000    
2       -0.0       3.965      5.544    
3       -0.0       7.747      10.253   
Refine time 68.017
Loop time 68.156
   _______  _______ _________ _        _______ 
  (  ____ \(       )\__   __/( (    /|(  ___  )
  | (    \/| () () |   ) (   |  \  ( || (   ) |
  | (_____ | || || |   | |   |   \ | || (___) |
  (_____  )| |(_)| |   | |   | (\ \) ||  ___  |
        ) || |   | |   | |   | | \   || (   ) |
  /\____) || )   ( |___) (___| )  \  || )   ( |
  \_______)|/     \|\_______/|/    )_)|/     \|


smina is based off AutoDock Vina. Please cite appropriately.

Weights      Terms
-0.045       gauss(o=0,_w=0.8,_c=8)
0.8          repulsion(o=0,_c=8)
-0.035       hydrophobic(g=0,_b=2.5,_c=8)
-0.6         non_dir_h_bond(g=-0.6,_b=0,_c=8)
0            num_tors_div

Using random seed: 698498562

0%   10   20   30   40   50   60   70   80   90   100%
|----|----|----|----|----|----|----|----|----|----|
***************************************************

mode |   affinity | dist from best mode
     | (kcal/mol) | rmsd l.b.| rmsd u.b.
-----+------------+----------+----------
1       -0.0       0.000      0.000    
2       -0.0       3.551      6.448    
3       0.0        3.703      6.765    
Refine time 69.152
Loop time 69.189
   _______  _______ _________ _        _______ 
  (  ____ \(       )\__   __/( (    /|(  ___  )
  | (    \/| () () |   ) (   |  \  ( || (   ) |
  | (_____ | || || |   | |   |   \ | || (___) |
  (_____  )| |(_)| |   | |   | (\ \) ||  ___  |
        ) || |   | |   | |   | | \   || (   ) |
  /\____) || )   ( |___) (___| )  \  || )   ( |
  \_______)|/     \|\_______/|/    )_)|/     \|


smina is based off AutoDock Vina. Please cite appropriately.

Weights      Terms
-0.045       gauss(o=0,_w=0.8,_c=8)
0.8          repulsion(o=0,_c=8)
-0.035       hydrophobic(g=0,_b=2.5,_c=8)
-0.6         non_dir_h_bond(g=-0.6,_b=0,_c=8)
0            num_tors_div

Using random seed: -578992231

0%   10   20   30   40   50   60   70   80   90   100%
|----|----|----|----|----|----|----|----|----|----|
***************************************************

mode |   affinity | dist from best mode
     | (kcal/mol) | rmsd l.b.| rmsd u.b.
-----+------------+----------+----------
1       -0.0       0.000      0.000    
2       -0.0       3.129      3.958    
3       -0.0       3.913      5.659    
Refine time 69.918
Loop time 70.125
parallel: SIGTERM received. No new jobs will be started.
parallel: Waiting for these 16 jobs to finish. Send SIGTERM again to stop now.
parallel: smina -r CDK2/1fin.pdb -l CDK2/csar_dataset/ligand_4.sdf -o CDK2/ligand_docked/ligand_4_docking.sdf              --autobox_ligand=CDK2/1fin_ATP_LIG.pdb               --scoring=vinardo --factor=100 --num_modes=3              --exhaustiveness=16
parallel: smina -r CDK2/1fin.pdb -l CDK2/cocry_dataset/1b39_ATP_LIG.pdb -o CDK2/ligand_docked/1b39_ATP_LIG_docking.sdf              --autobox_ligand=CDK2/1fin_ATP_LIG.pdb               --scoring=vinardo --factor=100 --num_modes=3              --exhaustiveness=16
parallel: smina -r CDK2/1fin.pdb -l CDK2/cocry_dataset/1fin_ATP_LIG.pdb -o CDK2/ligand_docked/1fin_ATP_LIG_docking.sdf              --autobox_ligand=CDK2/1fin_ATP_LIG.pdb               --scoring=vinardo --factor=100 --num_modes=3              --exhaustiveness=16
parallel: smina -r CDK2/1fin.pdb -l CDK2/csar_dataset/decoy_5.sdf -o CDK2/ligand_docked/decoy_5_docking.sdf              --autobox_ligand=CDK2/1fin_ATP_LIG.pdb               --scoring=vinardo --factor=100 --num_modes=3              --exhaustiveness=16
parallel: smina -r CDK2/1fin.pdb -l CDK2/csar_dataset/decoy_4.sdf -o CDK2/ligand_docked/decoy_4_docking.sdf              --autobox_ligand=CDK2/1fin_ATP_LIG.pdb               --scoring=vinardo --factor=100 --num_modes=3              --exhaustiveness=16
parallel: smina -r CDK2/1fin.pdb -l CDK2/dekois2_dataset/decoy_1.sdf -o CDK2/ligand_docked/decoy_1_docking.sdf              --autobox_ligand=CDK2/1fin_ATP_LIG.pdb               --scoring=vinardo --factor=100 --num_modes=3              --exhaustiveness=16
parallel: smina -r CDK2/1fin.pdb -l CDK2/dekois2_dataset/ligand_1.sdf -o CDK2/ligand_docked/ligand_1_docking.sdf              --autobox_ligand=CDK2/1fin_ATP_LIG.pdb               --scoring=vinardo --factor=100 --num_modes=3              --exhaustiveness=16
parallel: smina -r CDK2/1fin.pdb -l CDK2/cocry_dataset/1b38_ATP_LIG.pdb -o CDK2/ligand_docked/1b38_ATP_LIG_docking.sdf              --autobox_ligand=CDK2/1fin_ATP_LIG.pdb               --scoring=vinardo --factor=100 --num_modes=3              --exhaustiveness=16
parallel: smina -r CDK2/1fin.pdb -l CDK2/dekois2_dataset/decoy_5.sdf -o CDK2/ligand_docked/decoy_5_docking.sdf              --autobox_ligand=CDK2/1fin_ATP_LIG.pdb               --scoring=vinardo --factor=100 --num_modes=3              --exhaustiveness=16
parallel: smina -r CDK2/1fin.pdb -l CDK2/csar_dataset/decoy_3.sdf -o CDK2/ligand_docked/decoy_3_docking.sdf              --autobox_ligand=CDK2/1fin_ATP_LIG.pdb               --scoring=vinardo --factor=100 --num_modes=3              --exhaustiveness=16
parallel: smina -r CDK2/1fin.pdb -l CDK2/csar_dataset/ligand_5.sdf -o CDK2/ligand_docked/ligand_5_docking.sdf              --autobox_ligand=CDK2/1fin_ATP_LIG.pdb               --scoring=vinardo --factor=100 --num_modes=3              --exhaustiveness=16
parallel: smina -r CDK2/1fin.pdb -l CDK2/dekois2_dataset/decoy_2.sdf -o CDK2/ligand_docked/decoy_2_docking.sdf              --autobox_ligand=CDK2/1fin_ATP_LIG.pdb               --scoring=vinardo --factor=100 --num_modes=3              --exhaustiveness=16
parallel: smina -r CDK2/1fin.pdb -l CDK2/dekois2_dataset/ligand_2.sdf -o CDK2/ligand_docked/ligand_2_docking.sdf              --autobox_ligand=CDK2/1fin_ATP_LIG.pdb               --scoring=vinardo --factor=100 --num_modes=3              --exhaustiveness=16
parallel: smina -r CDK2/1fin.pdb -l CDK2/dekois2_dataset/decoy_4.sdf -o CDK2/ligand_docked/decoy_4_docking.sdf              --autobox_ligand=CDK2/1fin_ATP_LIG.pdb               --scoring=vinardo --factor=100 --num_modes=3              --exhaustiveness=16
parallel: smina -r CDK2/1fin.pdb -l CDK2/dekois2_dataset/decoy_3.sdf -o CDK2/ligand_docked/decoy_3_docking.sdf              --autobox_ligand=CDK2/1fin_ATP_LIG.pdb               --scoring=vinardo --factor=100 --num_modes=3              --exhaustiveness=16
parallel: smina -r CDK2/1fin.pdb -l CDK2/csar_dataset/ligand_3.sdf -o CDK2/ligand_docked/ligand_3_docking.sdf              --autobox_ligand=CDK2/1fin_ATP_LIG.pdb               --scoring=vinardo --factor=100 --num_modes=3              --exhaustiveness=16
   _______  _______ _________ _        _______ 
  (  ____ \(       )\__   __/( (    /|(  ___  )
  | (    \/| () () |   ) (   |  \  ( || (   ) |
  | (_____ | || || |   | |   |   \ | || (___) |
  (_____  )| |(_)| |   | |   | (\ \) ||  ___  |
        ) || |   | |   | |   | | \   || (   ) |
  /\____) || )   ( |___) (___| )  \  || )   ( |
  \_______)|/     \|\_______/|/    )_)|/     \|


smina is based off AutoDock Vina. Please cite appropriately.

Weights      Terms
-0.045       gauss(o=0,_w=0.8,_c=8)
0.8          repulsion(o=0,_c=8)
-0.035       hydrophobic(g=0,_b=2.5,_c=8)
-0.6         non_dir_h_bond(g=-0.6,_b=0,_c=8)
0            num_tors_div

Using random seed: 815146980

0%   10   20   30   40   50   60   70   80   90   100%
|----|----|----|----|----|----|----|----|----|----|
***************************************************

mode |   affinity | dist from best mode
     | (kcal/mol) | rmsd l.b.| rmsd u.b.
-----+------------+----------+----------
1       0.0        0.000      0.000    
2       0.0        3.439      8.524    
3       0.0        7.313      10.586   
Refine time 67.660
Loop time 67.841
   _______  _______ _________ _        _______ 
  (  ____ \(       )\__   __/( (    /|(  ___  )
  | (    \/| () () |   ) (   |  \  ( || (   ) |
  | (_____ | || || |   | |   |   \ | || (___) |
  (_____  )| |(_)| |   | |   | (\ \) ||  ___  |
        ) || |   | |   | |   | | \   || (   ) |
  /\____) || )   ( |___) (___| )  \  || )   ( |
  \_______)|/     \|\_______/|/    )_)|/     \|


smina is based off AutoDock Vina. Please cite appropriately.

Weights      Terms
-0.045       gauss(o=0,_w=0.8,_c=8)
0.8          repulsion(o=0,_c=8)
-0.035       hydrophobic(g=0,_b=2.5,_c=8)
-0.6         non_dir_h_bond(g=-0.6,_b=0,_c=8)
0            num_tors_div

Using random seed: -1006744075

0%   10   20   30   40   50   60   70   80   90   100%
|----|----|----|----|----|----|----|----|----|----|
***************************************************

mode |   affinity | dist from best mode
     | (kcal/mol) | rmsd l.b.| rmsd u.b.
-----+------------+----------+----------
1       -0.0       0.000      0.000    
2       -0.0       7.276      8.911    
3       -0.0       4.424      8.839    
Refine time 73.222
Loop time 73.463
   _______  _______ _________ _        _______ 
  (  ____ \(       )\__   __/( (    /|(  ___  )
  | (    \/| () () |   ) (   |  \  ( || (   ) |
  | (_____ | || || |   | |   |   \ | || (___) |
  (_____  )| |(_)| |   | |   | (\ \) ||  ___  |
        ) || |   | |   | |   | | \   || (   ) |
  /\____) || )   ( |___) (___| )  \  || )   ( |
  \_______)|/     \|\_______/|/    )_)|/     \|


smina is based off AutoDock Vina. Please cite appropriately.

Weights      Terms
-0.045       gauss(o=0,_w=0.8,_c=8)
0.8          repulsion(o=0,_c=8)
-0.035       hydrophobic(g=0,_b=2.5,_c=8)
-0.6         non_dir_h_bond(g=-0.6,_b=0,_c=8)
0            num_tors_div

Using random seed: 658312562

0%   10   20   30   40   50   60   70   80   90   100%
|----|----|----|----|----|----|----|----|----|----|
***************************************************

mode |   affinity | dist from best mode
     | (kcal/mol) | rmsd l.b.| rmsd u.b.
-----+------------+----------+----------
1       -0.0       0.000      0.000    
2       0.0        5.172      9.342    
3       0.0        2.330      2.975    
Refine time 41.472
Loop time 41.659
   _______  _______ _________ _        _______ 
  (  ____ \(       )\__   __/( (    /|(  ___  )
  | (    \/| () () |   ) (   |  \  ( || (   ) |
  | (_____ | || || |   | |   |   \ | || (___) |
  (_____  )| |(_)| |   | |   | (\ \) ||  ___  |
        ) || |   | |   | |   | | \   || (   ) |
  /\____) || )   ( |___) (___| )  \  || )   ( |
  \_______)|/     \|\_______/|/    )_)|/     \|


smina is based off AutoDock Vina. Please cite appropriately.

Weights      Terms
-0.045       gauss(o=0,_w=0.8,_c=8)
0.8          repulsion(o=0,_c=8)
-0.035       hydrophobic(g=0,_b=2.5,_c=8)
-0.6         non_dir_h_bond(g=-0.6,_b=0,_c=8)
0            num_tors_div

Using random seed: -896356090

0%   10   20   30   40   50   60   70   80   90   100%
|----|----|----|----|----|----|----|----|----|----|
***************************************************

mode |   affinity | dist from best mode
     | (kcal/mol) | rmsd l.b.| rmsd u.b.
-----+------------+----------+----------
1       -0.0       0.000      0.000    
2       -0.0       5.399      9.533    
3       -0.0       2.699      3.704    
Refine time 67.750
Loop time 67.898
   _______  _______ _________ _        _______ 
  (  ____ \(       )\__   __/( (    /|(  ___  )
  | (    \/| () () |   ) (   |  \  ( || (   ) |
  | (_____ | || || |   | |   |   \ | || (___) |
  (_____  )| |(_)| |   | |   | (\ \) ||  ___  |
        ) || |   | |   | |   | | \   || (   ) |
  /\____) || )   ( |___) (___| )  \  || )   ( |
  \_______)|/     \|\_______/|/    )_)|/     \|


smina is based off AutoDock Vina. Please cite appropriately.

Weights      Terms
-0.045       gauss(o=0,_w=0.8,_c=8)
0.8          repulsion(o=0,_c=8)
-0.035       hydrophobic(g=0,_b=2.5,_c=8)
-0.6         non_dir_h_bond(g=-0.6,_b=0,_c=8)
0            num_tors_div

Using random seed: -1557556357

0%   10   20   30   40   50   60   70   80   90   100%
|----|----|----|----|----|----|----|----|----|----|
***************************************************

mode |   affinity | dist from best mode
     | (kcal/mol) | rmsd l.b.| rmsd u.b.
-----+------------+----------+----------
1       -0.0       0.000      0.000    
2       -0.0       5.209      7.624    
3       -0.0       4.596      6.270    
Refine time 130.809
Loop time 130.999
   _______  _______ _________ _        _______ 
  (  ____ \(       )\__   __/( (    /|(  ___  )
  | (    \/| () () |   ) (   |  \  ( || (   ) |
  | (_____ | || || |   | |   |   \ | || (___) |
  (_____  )| |(_)| |   | |   | (\ \) ||  ___  |
        ) || |   | |   | |   | | \   || (   ) |
  /\____) || )   ( |___) (___| )  \  || )   ( |
  \_______)|/     \|\_______/|/    )_)|/     \|


smina is based off AutoDock Vina. Please cite appropriately.

Weights      Terms
-0.045       gauss(o=0,_w=0.8,_c=8)
0.8          repulsion(o=0,_c=8)
-0.035       hydrophobic(g=0,_b=2.5,_c=8)
-0.6         non_dir_h_bond(g=-0.6,_b=0,_c=8)
0            num_tors_div

Using random seed: 708424068

0%   10   20   30   40   50   60   70   80   90   100%
|----|----|----|----|----|----|----|----|----|----|
***************************************************

mode |   affinity | dist from best mode
     | (kcal/mol) | rmsd l.b.| rmsd u.b.
-----+------------+----------+----------
1       -0.0       0.000      0.000    
2       -0.0       6.480      9.091    
3       -0.0       6.175      7.648    
Refine time 82.365
Loop time 82.603
   _______  _______ _________ _        _______ 
  (  ____ \(       )\__   __/( (    /|(  ___  )
  | (    \/| () () |   ) (   |  \  ( || (   ) |
  | (_____ | || || |   | |   |   \ | || (___) |
  (_____  )| |(_)| |   | |   | (\ \) ||  ___  |
        ) || |   | |   | |   | | \   || (   ) |
  /\____) || )   ( |___) (___| )  \  || )   ( |
  \_______)|/     \|\_______/|/    )_)|/     \|


smina is based off AutoDock Vina. Please cite appropriately.

Weights      Terms
-0.045       gauss(o=0,_w=0.8,_c=8)
0.8          repulsion(o=0,_c=8)
-0.035       hydrophobic(g=0,_b=2.5,_c=8)
-0.6         non_dir_h_bond(g=-0.6,_b=0,_c=8)
0            num_tors_div

Using random seed: 1740409580

0%   10   20   30   40   50   60   70   80   90   100%
|----|----|----|----|----|----|----|----|----|----|
***************************************************

mode |   affinity | dist from best mode
     | (kcal/mol) | rmsd l.b.| rmsd u.b.
-----+------------+----------+----------
1       -0.0       0.000      0.000    
2       -0.0       6.419      9.297    
3       -0.0       4.222      7.596    
Refine time 107.790
Loop time 107.953
   _______  _______ _________ _        _______ 
  (  ____ \(       )\__   __/( (    /|(  ___  )
  | (    \/| () () |   ) (   |  \  ( || (   ) |
  | (_____ | || || |   | |   |   \ | || (___) |
  (_____  )| |(_)| |   | |   | (\ \) ||  ___  |
        ) || |   | |   | |   | | \   || (   ) |
  /\____) || )   ( |___) (___| )  \  || )   ( |
  \_______)|/     \|\_______/|/    )_)|/     \|


smina is based off AutoDock Vina. Please cite appropriately.

Weights      Terms
-0.045       gauss(o=0,_w=0.8,_c=8)
0.8          repulsion(o=0,_c=8)
-0.035       hydrophobic(g=0,_b=2.5,_c=8)
-0.6         non_dir_h_bond(g=-0.6,_b=0,_c=8)
0            num_tors_div

Using random seed: 1501641925

0%   10   20   30   40   50   60   70   80   90   100%
|----|----|----|----|----|----|----|----|----|----|
***************************************************

mode |   affinity | dist from best mode
     | (kcal/mol) | rmsd l.b.| rmsd u.b.
-----+------------+----------+----------
1       -0.0       0.000      0.000    
2       -0.0       6.658      9.682    
3       -0.0       7.508      8.902    
Refine time 81.636
Loop time 81.947
   _______  _______ _________ _        _______ 
  (  ____ \(       )\__   __/( (    /|(  ___  )
  | (    \/| () () |   ) (   |  \  ( || (   ) |
  | (_____ | || || |   | |   |   \ | || (___) |
  (_____  )| |(_)| |   | |   | (\ \) ||  ___  |
        ) || |   | |   | |   | | \   || (   ) |
  /\____) || )   ( |___) (___| )  \  || )   ( |
  \_______)|/     \|\_______/|/    )_)|/     \|


smina is based off AutoDock Vina. Please cite appropriately.

Weights      Terms
-0.045       gauss(o=0,_w=0.8,_c=8)
0.8          repulsion(o=0,_c=8)
-0.035       hydrophobic(g=0,_b=2.5,_c=8)
-0.6         non_dir_h_bond(g=-0.6,_b=0,_c=8)
0            num_tors_div

Using random seed: -1814791818

0%   10   20   30   40   50   60   70   80   90   100%
|----|----|----|----|----|----|----|----|----|----|
***************************************************

mode |   affinity | dist from best mode
     | (kcal/mol) | rmsd l.b.| rmsd u.b.
-----+------------+----------+----------
1       -0.0       0.000      0.000    
2       -0.0       4.970      6.505    
3       -0.0       7.492      10.411   
Refine time 88.866
Loop time 89.035
   _______  _______ _________ _        _______ 
  (  ____ \(       )\__   __/( (    /|(  ___  )
  | (    \/| () () |   ) (   |  \  ( || (   ) |
  | (_____ | || || |   | |   |   \ | || (___) |
  (_____  )| |(_)| |   | |   | (\ \) ||  ___  |
        ) || |   | |   | |   | | \   || (   ) |
  /\____) || )   ( |___) (___| )  \  || )   ( |
  \_______)|/     \|\_______/|/    )_)|/     \|


smina is based off AutoDock Vina. Please cite appropriately.

Weights      Terms
-0.045       gauss(o=0,_w=0.8,_c=8)
0.8          repulsion(o=0,_c=8)
-0.035       hydrophobic(g=0,_b=2.5,_c=8)
-0.6         non_dir_h_bond(g=-0.6,_b=0,_c=8)
0            num_tors_div

Using random seed: 1079209354

0%   10   20   30   40   50   60   70   80   90   100%
|----|----|----|----|----|----|----|----|----|----|
***************************************************

mode |   affinity | dist from best mode
     | (kcal/mol) | rmsd l.b.| rmsd u.b.
-----+------------+----------+----------
1       0.0        0.000      0.000    
2       0.0        5.221      7.162    
3       0.0        4.235      8.044    
Refine time 168.684
Loop time 168.803
   _______  _______ _________ _        _______ 
  (  ____ \(       )\__   __/( (    /|(  ___  )
  | (    \/| () () |   ) (   |  \  ( || (   ) |
  | (_____ | || || |   | |   |   \ | || (___) |
  (_____  )| |(_)| |   | |   | (\ \) ||  ___  |
        ) || |   | |   | |   | | \   || (   ) |
  /\____) || )   ( |___) (___| )  \  || )   ( |
  \_______)|/     \|\_______/|/    )_)|/     \|


smina is based off AutoDock Vina. Please cite appropriately.

Weights      Terms
-0.045       gauss(o=0,_w=0.8,_c=8)
0.8          repulsion(o=0,_c=8)
-0.035       hydrophobic(g=0,_b=2.5,_c=8)
-0.6         non_dir_h_bond(g=-0.6,_b=0,_c=8)
0            num_tors_div

Using random seed: 100645228

0%   10   20   30   40   50   60   70   80   90   100%
|----|----|----|----|----|----|----|----|----|----|
***************************************************

mode |   affinity | dist from best mode
     | (kcal/mol) | rmsd l.b.| rmsd u.b.
-----+------------+----------+----------
1       -0.0       0.000      0.000    
2       -0.0       3.922      5.262    
3       -0.0       10.781     13.578   
Refine time 180.208
Loop time 180.355
   _______  _______ _________ _        _______ 
  (  ____ \(       )\__   __/( (    /|(  ___  )
  | (    \/| () () |   ) (   |  \  ( || (   ) |
  | (_____ | || || |   | |   |   \ | || (___) |
  (_____  )| |(_)| |   | |   | (\ \) ||  ___  |
        ) || |   | |   | |   | | \   || (   ) |
  /\____) || )   ( |___) (___| )  \  || )   ( |
  \_______)|/     \|\_______/|/    )_)|/     \|


smina is based off AutoDock Vina. Please cite appropriately.

Weights      Terms
-0.045       gauss(o=0,_w=0.8,_c=8)
0.8          repulsion(o=0,_c=8)
-0.035       hydrophobic(g=0,_b=2.5,_c=8)
-0.6         non_dir_h_bond(g=-0.6,_b=0,_c=8)
0            num_tors_div

Using random seed: -1147787340

0%   10   20   30   40   50   60   70   80   90   100%
|----|----|----|----|----|----|----|----|----|----|
***************************************************

mode |   affinity | dist from best mode
     | (kcal/mol) | rmsd l.b.| rmsd u.b.
-----+------------+----------+----------
1       0.0        0.000      0.000    
2       0.0        5.915      7.351    
3       0.0        5.613      7.495    
Refine time 13.166
Loop time 13.340
   _______  _______ _________ _        _______ 
  (  ____ \(       )\__   __/( (    /|(  ___  )
  | (    \/| () () |   ) (   |  \  ( || (   ) |
  | (_____ | || || |   | |   |   \ | || (___) |
  (_____  )| |(_)| |   | |   | (\ \) ||  ___  |
        ) || |   | |   | |   | | \   || (   ) |
  /\____) || )   ( |___) (___| )  \  || )   ( |
  \_______)|/     \|\_______/|/    )_)|/     \|


smina is based off AutoDock Vina. Please cite appropriately.

Weights      Terms
-0.045       gauss(o=0,_w=0.8,_c=8)
0.8          repulsion(o=0,_c=8)
-0.035       hydrophobic(g=0,_b=2.5,_c=8)
-0.6         non_dir_h_bond(g=-0.6,_b=0,_c=8)
0            num_tors_div

Using random seed: -169223620

0%   10   20   30   40   50   60   70   80   90   100%
|----|----|----|----|----|----|----|----|----|----|
***************************************************

mode |   affinity | dist from best mode
     | (kcal/mol) | rmsd l.b.| rmsd u.b.
-----+------------+----------+----------
1       0.0        0.000      0.000    
2       0.0        4.973      7.371    
3       0.0        6.627      7.799    
Refine time 37.980
Loop time 38.096
   _______  _______ _________ _        _______ 
  (  ____ \(       )\__   __/( (    /|(  ___  )
  | (    \/| () () |   ) (   |  \  ( || (   ) |
  | (_____ | || || |   | |   |   \ | || (___) |
  (_____  )| |(_)| |   | |   | (\ \) ||  ___  |
        ) || |   | |   | |   | | \   || (   ) |
  /\____) || )   ( |___) (___| )  \  || )   ( |
  \_______)|/     \|\_______/|/    )_)|/     \|


smina is based off AutoDock Vina. Please cite appropriately.

Weights      Terms
-0.045       gauss(o=0,_w=0.8,_c=8)
0.8          repulsion(o=0,_c=8)
-0.035       hydrophobic(g=0,_b=2.5,_c=8)
-0.6         non_dir_h_bond(g=-0.6,_b=0,_c=8)
0            num_tors_div

Using random seed: -1745638644

0%   10   20   30   40   50   60   70   80   90   100%
|----|----|----|----|----|----|----|----|----|----|
***************************************************

mode |   affinity | dist from best mode
     | (kcal/mol) | rmsd l.b.| rmsd u.b.
-----+------------+----------+----------
1       -0.0       0.000      0.000    
2       -0.0       5.829      8.026    
3       0.0        6.584      7.898    
Refine time 40.741
Loop time 41.077
   _______  _______ _________ _        _______ 
  (  ____ \(       )\__   __/( (    /|(  ___  )
  | (    \/| () () |   ) (   |  \  ( || (   ) |
  | (_____ | || || |   | |   |   \ | || (___) |
  (_____  )| |(_)| |   | |   | (\ \) ||  ___  |
        ) || |   | |   | |   | | \   || (   ) |
  /\____) || )   ( |___) (___| )  \  || )   ( |
  \_______)|/     \|\_______/|/    )_)|/     \|


smina is based off AutoDock Vina. Please cite appropriately.

Weights      Terms
-0.045       gauss(o=0,_w=0.8,_c=8)
0.8          repulsion(o=0,_c=8)
-0.035       hydrophobic(g=0,_b=2.5,_c=8)
-0.6         non_dir_h_bond(g=-0.6,_b=0,_c=8)
0            num_tors_div

Using random seed: -848861688

0%   10   20   30   40   50   60   70   80   90   100%
|----|----|----|----|----|----|----|----|----|----|
***************************************************

mode |   affinity | dist from best mode
     | (kcal/mol) | rmsd l.b.| rmsd u.b.
-----+------------+----------+----------
1       -0.0       0.000      0.000    
2       -0.0       3.618      5.685    
3       -0.0       9.222      11.102   
Refine time 53.803
Loop time 53.836
   _______  _______ _________ _        _______ 
  (  ____ \(       )\__   __/( (    /|(  ___  )
  | (    \/| () () |   ) (   |  \  ( || (   ) |
  | (_____ | || || |   | |   |   \ | || (___) |
  (_____  )| |(_)| |   | |   | (\ \) ||  ___  |
        ) || |   | |   | |   | | \   || (   ) |
  /\____) || )   ( |___) (___| )  \  || )   ( |
  \_______)|/     \|\_______/|/    )_)|/     \|


smina is based off AutoDock Vina. Please cite appropriately.

Weights      Terms
-0.045       gauss(o=0,_w=0.8,_c=8)
0.8          repulsion(o=0,_c=8)
-0.035       hydrophobic(g=0,_b=2.5,_c=8)
-0.6         non_dir_h_bond(g=-0.6,_b=0,_c=8)
0            num_tors_div

Using random seed: 510414448

0%   10   20   30   40   50   60   70   80   90   100%
|----|----|----|----|----|----|----|----|----|----|
***************************************************

mode |   affinity | dist from best mode
     | (kcal/mol) | rmsd l.b.| rmsd u.b.
-----+------------+----------+----------
1       -0.0       0.000      0.000    
2       -0.0       7.402      9.709    
3       -0.0       8.907      10.139   
Refine time 55.343
Loop time 55.411
   _______  _______ _________ _        _______ 
  (  ____ \(       )\__   __/( (    /|(  ___  )
  | (    \/| () () |   ) (   |  \  ( || (   ) |
  | (_____ | || || |   | |   |   \ | || (___) |
  (_____  )| |(_)| |   | |   | (\ \) ||  ___  |
        ) || |   | |   | |   | | \   || (   ) |
  /\____) || )   ( |___) (___| )  \  || )   ( |
  \_______)|/     \|\_______/|/    )_)|/     \|


smina is based off AutoDock Vina. Please cite appropriately.

Weights      Terms
-0.045       gauss(o=0,_w=0.8,_c=8)
0.8          repulsion(o=0,_c=8)
-0.035       hydrophobic(g=0,_b=2.5,_c=8)
-0.6         non_dir_h_bond(g=-0.6,_b=0,_c=8)
0            num_tors_div

Using random seed: -2126351060

0%   10   20   30   40   50   60   70   80   90   100%
|----|----|----|----|----|----|----|----|----|----|
***************************************************

mode |   affinity | dist from best mode
     | (kcal/mol) | rmsd l.b.| rmsd u.b.
-----+------------+----------+----------
1       -0.0       0.000      0.000    
2       -0.0       2.749      6.396    
3       -0.0       7.651      9.932    
Refine time 64.150
Loop time 64.260
   _______  _______ _________ _        _______ 
  (  ____ \(       )\__   __/( (    /|(  ___  )
  | (    \/| () () |   ) (   |  \  ( || (   ) |
  | (_____ | || || |   | |   |   \ | || (___) |
  (_____  )| |(_)| |   | |   | (\ \) ||  ___  |
        ) || |   | |   | |   | | \   || (   ) |
  /\____) || )   ( |___) (___| )  \  || )   ( |
  \_______)|/     \|\_______/|/    )_)|/     \|


smina is based off AutoDock Vina. Please cite appropriately.

Weights      Terms
-0.045       gauss(o=0,_w=0.8,_c=8)
0.8          repulsion(o=0,_c=8)
-0.035       hydrophobic(g=0,_b=2.5,_c=8)
-0.6         non_dir_h_bond(g=-0.6,_b=0,_c=8)
0            num_tors_div

Using random seed: -760850003

0%   10   20   30   40   50   60   70   80   90   100%
|----|----|----|----|----|----|----|----|----|----|
***************************************************

mode |   affinity | dist from best mode
     | (kcal/mol) | rmsd l.b.| rmsd u.b.
-----+------------+----------+----------
1       -0.0       0.000      0.000    
2       -0.0       8.212      9.245    
3       -0.0       7.948      8.423    
Refine time 49.904
Loop time 50.150
   _______  _______ _________ _        _______ 
  (  ____ \(       )\__   __/( (    /|(  ___  )
  | (    \/| () () |   ) (   |  \  ( || (   ) |
  | (_____ | || || |   | |   |   \ | || (___) |
  (_____  )| |(_)| |   | |   | (\ \) ||  ___  |
        ) || |   | |   | |   | | \   || (   ) |
  /\____) || )   ( |___) (___| )  \  || )   ( |
  \_______)|/     \|\_______/|/    )_)|/     \|


smina is based off AutoDock Vina. Please cite appropriately.

Weights      Terms
-0.045       gauss(o=0,_w=0.8,_c=8)
0.8          repulsion(o=0,_c=8)
-0.035       hydrophobic(g=0,_b=2.5,_c=8)
-0.6         non_dir_h_bond(g=-0.6,_b=0,_c=8)
0            num_tors_div

Using random seed: -1446712992

0%   10   20   30   40   50   60   70   80   90   100%
|----|----|----|----|----|----|----|----|----|----|
***************************************************

mode |   affinity | dist from best mode
     | (kcal/mol) | rmsd l.b.| rmsd u.b.
-----+------------+----------+----------
1       -0.0       0.000      0.000    
2       -0.0       6.107      9.496    
3       -0.0       7.890      9.785    
Refine time 88.308
Loop time 88.575
   _______  _______ _________ _        _______ 
  (  ____ \(       )\__   __/( (    /|(  ___  )
  | (    \/| () () |   ) (   |  \  ( || (   ) |
  | (_____ | || || |   | |   |   \ | || (___) |
  (_____  )| |(_)| |   | |   | (\ \) ||  ___  |
        ) || |   | |   | |   | | \   || (   ) |
  /\____) || )   ( |___) (___| )  \  || )   ( |
  \_______)|/     \|\_______/|/    )_)|/     \|


smina is based off AutoDock Vina. Please cite appropriately.

Weights      Terms
-0.045       gauss(o=0,_w=0.8,_c=8)
0.8          repulsion(o=0,_c=8)
-0.035       hydrophobic(g=0,_b=2.5,_c=8)
-0.6         non_dir_h_bond(g=-0.6,_b=0,_c=8)
0            num_tors_div

Using random seed: -468149272

0%   10   20   30   40   50   60   70   80   90   100%
|----|----|----|----|----|----|----|----|----|----|
***************************************************

mode |   affinity | dist from best mode
     | (kcal/mol) | rmsd l.b.| rmsd u.b.
-----+------------+----------+----------
1       -0.0       0.000      0.000    
2       -0.0       3.690      5.536    
3       -0.0       4.403      7.581    
Refine time 92.247
Loop time 92.501
   _______  _______ _________ _        _______ 
  (  ____ \(       )\__   __/( (    /|(  ___  )
  | (    \/| () () |   ) (   |  \  ( || (   ) |
  | (_____ | || || |   | |   |   \ | || (___) |
  (_____  )| |(_)| |   | |   | (\ \) ||  ___  |
        ) || |   | |   | |   | | \   || (   ) |
  /\____) || )   ( |___) (___| )  \  || )   ( |
  \_______)|/     \|\_______/|/    )_)|/     \|


smina is based off AutoDock Vina. Please cite appropriately.

Weights      Terms
-0.045       gauss(o=0,_w=0.8,_c=8)
0.8          repulsion(o=0,_c=8)
-0.035       hydrophobic(g=0,_b=2.5,_c=8)
-0.6         non_dir_h_bond(g=-0.6,_b=0,_c=8)
0            num_tors_div

Using random seed: 1488978168

0%   10   20   30   40   50   60   70   80   90   100%
|----|----|----|----|----|----|----|----|----|----|
***************************************************

mode |   affinity | dist from best mode
     | (kcal/mol) | rmsd l.b.| rmsd u.b.
-----+------------+----------+----------
1       -0.0       0.000      0.000    
2       -0.0       7.718      10.372   
3       -0.0       4.029      6.796    
Refine time 94.098
Loop time 94.228
   _______  _______ _________ _        _______ 
  (  ____ \(       )\__   __/( (    /|(  ___  )
  | (    \/| () () |   ) (   |  \  ( || (   ) |
  | (_____ | || || |   | |   |   \ | || (___) |
  (_____  )| |(_)| |   | |   | (\ \) ||  ___  |
        ) || |   | |   | |   | | \   || (   ) |
  /\____) || )   ( |___) (___| )  \  || )   ( |
  \_______)|/     \|\_______/|/    )_)|/     \|


smina is based off AutoDock Vina. Please cite appropriately.

Weights      Terms
-0.045       gauss(o=0,_w=0.8,_c=8)
0.8          repulsion(o=0,_c=8)
-0.035       hydrophobic(g=0,_b=2.5,_c=8)
-0.6         non_dir_h_bond(g=-0.6,_b=0,_c=8)
0            num_tors_div

Using random seed: 211488796

0%   10   20   30   40   50   60   70   80   90   100%
|----|----|----|----|----|----|----|----|----|----|
***************************************************

mode |   affinity | dist from best mode
     | (kcal/mol) | rmsd l.b.| rmsd u.b.
-----+------------+----------+----------
1       -0.0       0.000      0.000    
2       -0.0       4.150      5.876    
3       -0.0       4.066      4.897    
Refine time 94.968
Loop time 95.052
   _______  _______ _________ _        _______ 
  (  ____ \(       )\__   __/( (    /|(  ___  )
  | (    \/| () () |   ) (   |  \  ( || (   ) |
  | (_____ | || || |   | |   |   \ | || (___) |
  (_____  )| |(_)| |   | |   | (\ \) ||  ___  |
        ) || |   | |   | |   | | \   || (   ) |
  /\____) || )   ( |___) (___| )  \  || )   ( |
  \_______)|/     \|\_______/|/    )_)|/     \|


smina is based off AutoDock Vina. Please cite appropriately.

Weights      Terms
-0.045       gauss(o=0,_w=0.8,_c=8)
0.8          repulsion(o=0,_c=8)
-0.035       hydrophobic(g=0,_b=2.5,_c=8)
-0.6         non_dir_h_bond(g=-0.6,_b=0,_c=8)
0            num_tors_div

Using random seed: -1764590765

0%   10   20   30   40   50   60   70   80   90   100%
|----|----|----|----|----|----|----|----|----|----|
***************************************************

mode |   affinity | dist from best mode
     | (kcal/mol) | rmsd l.b.| rmsd u.b.
-----+------------+----------+----------
1       -0.0       0.000      0.000    
2       0.0        5.960      7.312    
3       0.0        4.304      6.294    
Refine time 253.088
Loop time 253.336
   _______  _______ _________ _        _______ 
  (  ____ \(       )\__   __/( (    /|(  ___  )
  | (    \/| () () |   ) (   |  \  ( || (   ) |
  | (_____ | || || |   | |   |   \ | || (___) |
  (_____  )| |(_)| |   | |   | (\ \) ||  ___  |
        ) || |   | |   | |   | | \   || (   ) |
  /\____) || )   ( |___) (___| )  \  || )   ( |
  \_______)|/     \|\_______/|/    )_)|/     \|


smina is based off AutoDock Vina. Please cite appropriately.

Weights      Terms
-0.045       gauss(o=0,_w=0.8,_c=8)
0.8          repulsion(o=0,_c=8)
-0.035       hydrophobic(g=0,_b=2.5,_c=8)
-0.6         non_dir_h_bond(g=-0.6,_b=0,_c=8)
0            num_tors_div

Using random seed: 399571895

0%   10   20   30   40   50   60   70   80   90   100%
|----|----|----|----|----|----|----|----|----|----|
***************************************************

mode |   affinity | dist from best mode
     | (kcal/mol) | rmsd l.b.| rmsd u.b.
-----+------------+----------+----------
1       -0.0       0.000      0.000    
2       -0.0       6.689      7.634    
3       -0.0       4.140      6.385    
Refine time 333.367
Loop time 333.448
   _______  _______ _________ _        _______ 
  (  ____ \(       )\__   __/( (    /|(  ___  )
  | (    \/| () () |   ) (   |  \  ( || (   ) |
  | (_____ | || || |   | |   |   \ | || (___) |
  (_____  )| |(_)| |   | |   | (\ \) ||  ___  |
        ) || |   | |   | |   | | \   || (   ) |
  /\____) || )   ( |___) (___| )  \  || )   ( |
  \_______)|/     \|\_______/|/    )_)|/     \|


smina is based off AutoDock Vina. Please cite appropriately.

Weights      Terms
-0.045       gauss(o=0,_w=0.8,_c=8)
0.8          repulsion(o=0,_c=8)
-0.035       hydrophobic(g=0,_b=2.5,_c=8)
-0.6         non_dir_h_bond(g=-0.6,_b=0,_c=8)
0            num_tors_div

Using random seed: 1498995808

0%   10   20   30   40   50   60   70   80   90   100%
|----|----|----|----|----|----|----|----|----|----|
***************************************************

mode |   affinity | dist from best mode
     | (kcal/mol) | rmsd l.b.| rmsd u.b.
-----+------------+----------+----------
1       -0.0       0.000      0.000    
2       -0.0       7.626      8.964    
3       -0.0       6.806      10.223   
Refine time 84.938
Loop time 85.277
   _______  _______ _________ _        _______ 
  (  ____ \(       )\__   __/( (    /|(  ___  )
  | (    \/| () () |   ) (   |  \  ( || (   ) |
  | (_____ | || || |   | |   |   \ | || (___) |
  (_____  )| |(_)| |   | |   | (\ \) ||  ___  |
        ) || |   | |   | |   | | \   || (   ) |
  /\____) || )   ( |___) (___| )  \  || )   ( |
  \_______)|/     \|\_______/|/    )_)|/     \|


smina is based off AutoDock Vina. Please cite appropriately.

Weights      Terms
-0.045       gauss(o=0,_w=0.8,_c=8)
0.8          repulsion(o=0,_c=8)
-0.035       hydrophobic(g=0,_b=2.5,_c=8)
-0.6         non_dir_h_bond(g=-0.6,_b=0,_c=8)
0            num_tors_div

Using random seed: 1338011037

0%   10   20   30   40   50   60   70   80   90   100%
|----|----|----|----|----|----|----|----|----|----|
***************************************************

mode |   affinity | dist from best mode
     | (kcal/mol) | rmsd l.b.| rmsd u.b.
-----+------------+----------+----------
1       -0.0       0.000      0.000    
2       -0.0       4.533      9.822    
3       -0.0       5.036      6.869    
Refine time 266.209
Loop time 266.348
   _______  _______ _________ _        _______ 
  (  ____ \(       )\__   __/( (    /|(  ___  )
  | (    \/| () () |   ) (   |  \  ( || (   ) |
  | (_____ | || || |   | |   |   \ | || (___) |
  (_____  )| |(_)| |   | |   | (\ \) ||  ___  |
        ) || |   | |   | |   | | \   || (   ) |
  /\____) || )   ( |___) (___| )  \  || )   ( |
  \_______)|/     \|\_______/|/    )_)|/     \|


smina is based off AutoDock Vina. Please cite appropriately.

Weights      Terms
-0.045       gauss(o=0,_w=0.8,_c=8)
0.8          repulsion(o=0,_c=8)
-0.035       hydrophobic(g=0,_b=2.5,_c=8)
-0.6         non_dir_h_bond(g=-0.6,_b=0,_c=8)
0            num_tors_div

Using random seed: -1981108352

0%   10   20   30   40   50   60   70   80   90   100%
|----|----|----|----|----|----|----|----|----|----|
***************************************************

mode |   affinity | dist from best mode
     | (kcal/mol) | rmsd l.b.| rmsd u.b.
-----+------------+----------+----------
1       -0.0       0.000      0.000    
2       -0.0       5.649      7.537    
3       -0.0       6.825      8.351    
Refine time 90.684
Loop time 90.914
   _______  _______ _________ _        _______ 
  (  ____ \(       )\__   __/( (    /|(  ___  )
  | (    \/| () () |   ) (   |  \  ( || (   ) |
  | (_____ | || || |   | |   |   \ | || (___) |
  (_____  )| |(_)| |   | |   | (\ \) ||  ___  |
        ) || |   | |   | |   | | \   || (   ) |
  /\____) || )   ( |___) (___| )  \  || )   ( |
  \_______)|/     \|\_______/|/    )_)|/     \|


smina is based off AutoDock Vina. Please cite appropriately.

Weights      Terms
-0.045       gauss(o=0,_w=0.8,_c=8)
0.8          repulsion(o=0,_c=8)
-0.035       hydrophobic(g=0,_b=2.5,_c=8)
-0.6         non_dir_h_bond(g=-0.6,_b=0,_c=8)
0            num_tors_div

Using random seed: 1677062688

0%   10   20   30   40   50   60   70   80   90   100%
|----|----|----|----|----|----|----|----|----|----|
***************************************************

mode |   affinity | dist from best mode
     | (kcal/mol) | rmsd l.b.| rmsd u.b.
-----+------------+----------+----------
1       -0.0       0.000      0.000    
2       -0.0       5.407      7.613    
3       -0.0       4.784      6.277    
Refine time 339.270
Loop time 339.286
   _______  _______ _________ _        _______ 
  (  ____ \(       )\__   __/( (    /|(  ___  )
  | (    \/| () () |   ) (   |  \  ( || (   ) |
  | (_____ | || || |   | |   |   \ | || (___) |
  (_____  )| |(_)| |   | |   | (\ \) ||  ___  |
        ) || |   | |   | |   | | \   || (   ) |
  /\____) || )   ( |___) (___| )  \  || )   ( |
  \_______)|/     \|\_______/|/    )_)|/     \|


smina is based off AutoDock Vina. Please cite appropriately.

Weights      Terms
-0.045       gauss(o=0,_w=0.8,_c=8)
0.8          repulsion(o=0,_c=8)
-0.035       hydrophobic(g=0,_b=2.5,_c=8)
-0.6         non_dir_h_bond(g=-0.6,_b=0,_c=8)
0            num_tors_div

Using random seed: -1186959391

0%   10   20   30   40   50   60   70   80   90   100%
|----|----|----|----|----|----|----|----|----|----|
***************************************************

mode |   affinity | dist from best mode
     | (kcal/mol) | rmsd l.b.| rmsd u.b.
-----+------------+----------+----------
1       0.0        0.000      0.000    
2       0.0        4.753      7.128    
3       0.0        5.837      8.645    
Refine time 46.080
Loop time 46.325
   _______  _______ _________ _        _______ 
  (  ____ \(       )\__   __/( (    /|(  ___  )
  | (    \/| () () |   ) (   |  \  ( || (   ) |
  | (_____ | || || |   | |   |   \ | || (___) |
  (_____  )| |(_)| |   | |   | (\ \) ||  ___  |
        ) || |   | |   | |   | | \   || (   ) |
  /\____) || )   ( |___) (___| )  \  || )   ( |
  \_______)|/     \|\_______/|/    )_)|/     \|


smina is based off AutoDock Vina. Please cite appropriately.

Weights      Terms
-0.045       gauss(o=0,_w=0.8,_c=8)
0.8          repulsion(o=0,_c=8)
-0.035       hydrophobic(g=0,_b=2.5,_c=8)
-0.6         non_dir_h_bond(g=-0.6,_b=0,_c=8)
0            num_tors_div

Using random seed: 250140780

0%   10   20   30   40   50   60   70   80   90   100%
|----|----|----|----|----|----|----|----|----|----|
***************************************************

mode |   affinity | dist from best mode
     | (kcal/mol) | rmsd l.b.| rmsd u.b.
-----+------------+----------+----------
1       -0.0       0.000      0.000    
2       -0.0       5.746      7.948    
3       -0.0       4.230      5.514    
Refine time 83.589
Loop time 83.957
   _______  _______ _________ _        _______ 
  (  ____ \(       )\__   __/( (    /|(  ___  )
  | (    \/| () () |   ) (   |  \  ( || (   ) |
  | (_____ | || || |   | |   |   \ | || (___) |
  (_____  )| |(_)| |   | |   | (\ \) ||  ___  |
        ) || |   | |   | |   | | \   || (   ) |
  /\____) || )   ( |___) (___| )  \  || )   ( |
  \_______)|/     \|\_______/|/    )_)|/     \|


smina is based off AutoDock Vina. Please cite appropriately.

Weights      Terms
-0.045       gauss(o=0,_w=0.8,_c=8)
0.8          repulsion(o=0,_c=8)
-0.035       hydrophobic(g=0,_b=2.5,_c=8)
-0.6         non_dir_h_bond(g=-0.6,_b=0,_c=8)
0            num_tors_div

Using random seed: 18861103

0%   10   20   30   40   50   60   70   80   90   100%
|----|----|----|----|----|----|----|----|----|----|
***************************************************

mode |   affinity | dist from best mode
     | (kcal/mol) | rmsd l.b.| rmsd u.b.
-----+------------+----------+----------
1       -0.0       0.000      0.000    
2       -0.0       3.937      6.072    
3       -0.0       6.235      7.949    
Refine time 366.715
Loop time 366.733
   _______  _______ _________ _        _______ 
  (  ____ \(       )\__   __/( (    /|(  ___  )
  | (    \/| () () |   ) (   |  \  ( || (   ) |
  | (_____ | || || |   | |   |   \ | || (___) |
  (_____  )| |(_)| |   | |   | (\ \) ||  ___  |
        ) || |   | |   | |   | | \   || (   ) |
  /\____) || )   ( |___) (___| )  \  || )   ( |
  \_______)|/     \|\_______/|/    )_)|/     \|


smina is based off AutoDock Vina. Please cite appropriately.

Weights      Terms
-0.045       gauss(o=0,_w=0.8,_c=8)
0.8          repulsion(o=0,_c=8)
-0.035       hydrophobic(g=0,_b=2.5,_c=8)
-0.6         non_dir_h_bond(g=-0.6,_b=0,_c=8)
0            num_tors_div

Using random seed: -781701332

0%   10   20   30   40   50   60   70   80   90   100%
|----|----|----|----|----|----|----|----|----|----|
***************************************************

mode |   affinity | dist from best mode
     | (kcal/mol) | rmsd l.b.| rmsd u.b.
-----+------------+----------+----------
1       -0.0       0.000      0.000    
2       -0.0       7.587      10.838   
3       -0.0       9.021      12.323   
Refine time 102.639
Loop time 102.930
   _______  _______ _________ _        _______ 
  (  ____ \(       )\__   __/( (    /|(  ___  )
  | (    \/| () () |   ) (   |  \  ( || (   ) |
  | (_____ | || || |   | |   |   \ | || (___) |
  (_____  )| |(_)| |   | |   | (\ \) ||  ___  |
        ) || |   | |   | |   | | \   || (   ) |
  /\____) || )   ( |___) (___| )  \  || )   ( |
  \_______)|/     \|\_______/|/    )_)|/     \|


smina is based off AutoDock Vina. Please cite appropriately.

Weights      Terms
-0.045       gauss(o=0,_w=0.8,_c=8)
0.8          repulsion(o=0,_c=8)
-0.035       hydrophobic(g=0,_b=2.5,_c=8)
-0.6         non_dir_h_bond(g=-0.6,_b=0,_c=8)
0            num_tors_div

Using random seed: -767074924

0%   10   20   30   40   50   60   70   80   90   100%
|----|----|----|----|----|----|----|----|----|----|
***************************************************

mode |   affinity | dist from best mode
     | (kcal/mol) | rmsd l.b.| rmsd u.b.
-----+------------+----------+----------
1       -0.0       0.000      0.000    
2       -0.0       5.960      7.848    
3       -0.0       10.817     12.429   
Refine time 172.712
Loop time 172.992
   _______  _______ _________ _        _______ 
  (  ____ \(       )\__   __/( (    /|(  ___  )
  | (    \/| () () |   ) (   |  \  ( || (   ) |
  | (_____ | || || |   | |   |   \ | || (___) |
  (_____  )| |(_)| |   | |   | (\ \) ||  ___  |
        ) || |   | |   | |   | | \   || (   ) |
  /\____) || )   ( |___) (___| )  \  || )   ( |
  \_______)|/     \|\_______/|/    )_)|/     \|


smina is based off AutoDock Vina. Please cite appropriately.

Weights      Terms
-0.045       gauss(o=0,_w=0.8,_c=8)
0.8          repulsion(o=0,_c=8)
-0.035       hydrophobic(g=0,_b=2.5,_c=8)
-0.6         non_dir_h_bond(g=-0.6,_b=0,_c=8)
0            num_tors_div

Using random seed: 1158040782

0%   10   20   30   40   50   60   70   80   90   100%
|----|----|----|----|----|----|----|----|----|----|
***************************************************

mode |   affinity | dist from best mode
     | (kcal/mol) | rmsd l.b.| rmsd u.b.
-----+------------+----------+----------
1       0.0        0.000      0.000    
2       0.0        3.247      4.952    
3       0.0        1.897      2.224    
Refine time 41.341
Loop time 41.623
   _______  _______ _________ _        _______ 
  (  ____ \(       )\__   __/( (    /|(  ___  )
  | (    \/| () () |   ) (   |  \  ( || (   ) |
  | (_____ | || || |   | |   |   \ | || (___) |
  (_____  )| |(_)| |   | |   | (\ \) ||  ___  |
        ) || |   | |   | |   | | \   || (   ) |
  /\____) || )   ( |___) (___| )  \  || )   ( |
  \_______)|/     \|\_______/|/    )_)|/     \|


smina is based off AutoDock Vina. Please cite appropriately.

Weights      Terms
-0.045       gauss(o=0,_w=0.8,_c=8)
0.8          repulsion(o=0,_c=8)
-0.035       hydrophobic(g=0,_b=2.5,_c=8)
-0.6         non_dir_h_bond(g=-0.6,_b=0,_c=8)
0            num_tors_div

Using random seed: -1788837015

0%   10   20   30   40   50   60   70   80   90   100%
|----|----|----|----|----|----|----|----|----|----|
***************************************************

mode |   affinity | dist from best mode
     | (kcal/mol) | rmsd l.b.| rmsd u.b.
-----+------------+----------+----------
1       -0.0       0.000      0.000    
2       -0.0       6.770      9.260    
3       -0.0       4.407      4.834    
Refine time 144.118
Loop time 144.422
   _______  _______ _________ _        _______ 
  (  ____ \(       )\__   __/( (    /|(  ___  )
  | (    \/| () () |   ) (   |  \  ( || (   ) |
  | (_____ | || || |   | |   |   \ | || (___) |
  (_____  )| |(_)| |   | |   | (\ \) ||  ___  |
        ) || |   | |   | |   | | \   || (   ) |
  /\____) || )   ( |___) (___| )  \  || )   ( |
  \_______)|/     \|\_______/|/    )_)|/     \|


smina is based off AutoDock Vina. Please cite appropriately.

Weights      Terms
-0.045       gauss(o=0,_w=0.8,_c=8)
0.8          repulsion(o=0,_c=8)
-0.035       hydrophobic(g=0,_b=2.5,_c=8)
-0.6         non_dir_h_bond(g=-0.6,_b=0,_c=8)
0            num_tors_div

Using random seed: -2080683856

0%   10   20   30   40   50   60   70   80   90   100%
|----|----|----|----|----|----|----|----|----|----|
***************************************************

mode |   affinity | dist from best mode
     | (kcal/mol) | rmsd l.b.| rmsd u.b.
-----+------------+----------+----------
1       -0.0       0.000      0.000    
2       -0.0       3.321      4.559    
3       -0.0       5.810      9.181    
Refine time 113.310
Loop time 113.704
   _______  _______ _________ _        _______ 
  (  ____ \(       )\__   __/( (    /|(  ___  )
  | (    \/| () () |   ) (   |  \  ( || (   ) |
  | (_____ | || || |   | |   |   \ | || (___) |
  (_____  )| |(_)| |   | |   | (\ \) ||  ___  |
        ) || |   | |   | |   | | \   || (   ) |
  /\____) || )   ( |___) (___| )  \  || )   ( |
  \_______)|/     \|\_______/|/    )_)|/     \|


smina is based off AutoDock Vina. Please cite appropriately.

Weights      Terms
-0.045       gauss(o=0,_w=0.8,_c=8)
0.8          repulsion(o=0,_c=8)
-0.035       hydrophobic(g=0,_b=2.5,_c=8)
-0.6         non_dir_h_bond(g=-0.6,_b=0,_c=8)
0            num_tors_div

Using random seed: 556081556

0%   10   20   30   40   50   60   70   80   90   100%
|----|----|----|----|----|----|----|----|----|----|
***************************************************

mode |   affinity | dist from best mode
     | (kcal/mol) | rmsd l.b.| rmsd u.b.
-----+------------+----------+----------
1       -0.0       0.000      0.000    
2       -0.0       3.951      7.466    
3       -0.0       10.338     12.603   
Refine time 123.379
Loop time 123.629
   _______  _______ _________ _        _______ 
  (  ____ \(       )\__   __/( (    /|(  ___  )
  | (    \/| () () |   ) (   |  \  ( || (   ) |
  | (_____ | || || |   | |   |   \ | || (___) |
  (_____  )| |(_)| |   | |   | (\ \) ||  ___  |
        ) || |   | |   | |   | | \   || (   ) |
  /\____) || )   ( |___) (___| )  \  || )   ( |
  \_______)|/     \|\_______/|/    )_)|/     \|


smina is based off AutoDock Vina. Please cite appropriately.

Weights      Terms
-0.045       gauss(o=0,_w=0.8,_c=8)
0.8          repulsion(o=0,_c=8)
-0.035       hydrophobic(g=0,_b=2.5,_c=8)
-0.6         non_dir_h_bond(g=-0.6,_b=0,_c=8)
0            num_tors_div

Using random seed: -521141017

0%   10   20   30   40   50   60   70   80   90   100%
|----|----|----|----|----|----|----|----|----|----|
***************************************************

mode |   affinity | dist from best mode
     | (kcal/mol) | rmsd l.b.| rmsd u.b.
-----+------------+----------+----------
1       -0.0       0.000      0.000    
2       -0.0       4.652      6.440    
3       -0.0       3.039      3.447    
Refine time 44.317
Loop time 44.555
   _______  _______ _________ _        _______ 
  (  ____ \(       )\__   __/( (    /|(  ___  )
  | (    \/| () () |   ) (   |  \  ( || (   ) |
  | (_____ | || || |   | |   |   \ | || (___) |
  (_____  )| |(_)| |   | |   | (\ \) ||  ___  |
        ) || |   | |   | |   | | \   || (   ) |
  /\____) || )   ( |___) (___| )  \  || )   ( |
  \_______)|/     \|\_______/|/    )_)|/     \|


smina is based off AutoDock Vina. Please cite appropriately.

Weights      Terms
-0.045       gauss(o=0,_w=0.8,_c=8)
0.8          repulsion(o=0,_c=8)
-0.035       hydrophobic(g=0,_b=2.5,_c=8)
-0.6         non_dir_h_bond(g=-0.6,_b=0,_c=8)
0            num_tors_div

Using random seed: 108982284

0%   10   20   30   40   50   60   70   80   90   100%
|----|----|----|----|----|----|----|----|----|----|
***************************************************

mode |   affinity | dist from best mode
     | (kcal/mol) | rmsd l.b.| rmsd u.b.
-----+------------+----------+----------
1       -0.0       0.000      0.000    
2       -0.0       4.211      5.131    
3       0.0        7.191      8.824    
Refine time 28.924
Loop time 29.097
   _______  _______ _________ _        _______ 
  (  ____ \(       )\__   __/( (    /|(  ___  )
  | (    \/| () () |   ) (   |  \  ( || (   ) |
  | (_____ | || || |   | |   |   \ | || (___) |
  (_____  )| |(_)| |   | |   | (\ \) ||  ___  |
        ) || |   | |   | |   | | \   || (   ) |
  /\____) || )   ( |___) (___| )  \  || )   ( |
  \_______)|/     \|\_______/|/    )_)|/     \|


smina is based off AutoDock Vina. Please cite appropriately.

Weights      Terms
-0.045       gauss(o=0,_w=0.8,_c=8)
0.8          repulsion(o=0,_c=8)
-0.035       hydrophobic(g=0,_b=2.5,_c=8)
-0.6         non_dir_h_bond(g=-0.6,_b=0,_c=8)
0            num_tors_div

Using random seed: -1966171952

0%   10   20   30   40   50   60   70   80   90   100%
|----|----|----|----|----|----|----|----|----|----|
***************************************************

mode |   affinity | dist from best mode
     | (kcal/mol) | rmsd l.b.| rmsd u.b.
-----+------------+----------+----------
1       0.0        0.000      0.000    
2       0.0        4.415      5.107    
3       0.0        5.500      6.866    
Refine time 99.966
Loop time 100.136
   _______  _______ _________ _        _______ 
  (  ____ \(       )\__   __/( (    /|(  ___  )
  | (    \/| () () |   ) (   |  \  ( || (   ) |
  | (_____ | || || |   | |   |   \ | || (___) |
  (_____  )| |(_)| |   | |   | (\ \) ||  ___  |
        ) || |   | |   | |   | | \   || (   ) |
  /\____) || )   ( |___) (___| )  \  || )   ( |
  \_______)|/     \|\_______/|/    )_)|/     \|


smina is based off AutoDock Vina. Please cite appropriately.

Weights      Terms
-0.045       gauss(o=0,_w=0.8,_c=8)
0.8          repulsion(o=0,_c=8)
-0.035       hydrophobic(g=0,_b=2.5,_c=8)
-0.6         non_dir_h_bond(g=-0.6,_b=0,_c=8)
0            num_tors_div

Using random seed: 1869690584

0%   10   20   30   40   50   60   70   80   90   100%
|----|----|----|----|----|----|----|----|----|----|
***************************************************

mode |   affinity | dist from best mode
     | (kcal/mol) | rmsd l.b.| rmsd u.b.
-----+------------+----------+----------
1       -0.0       0.000      0.000    
2       -0.0       2.560      6.442    
3       -0.0       7.104      9.737    
Refine time 248.244
Loop time 248.475
   _______  _______ _________ _        _______ 
  (  ____ \(       )\__   __/( (    /|(  ___  )
  | (    \/| () () |   ) (   |  \  ( || (   ) |
  | (_____ | || || |   | |   |   \ | || (___) |
  (_____  )| |(_)| |   | |   | (\ \) ||  ___  |
        ) || |   | |   | |   | | \   || (   ) |
  /\____) || )   ( |___) (___| )  \  || )   ( |
  \_______)|/     \|\_______/|/    )_)|/     \|


smina is based off AutoDock Vina. Please cite appropriately.

Weights      Terms
-0.045       gauss(o=0,_w=0.8,_c=8)
0.8          repulsion(o=0,_c=8)
-0.035       hydrophobic(g=0,_b=2.5,_c=8)
-0.6         non_dir_h_bond(g=-0.6,_b=0,_c=8)
0            num_tors_div

Using random seed: 1190489546

0%   10   20   30   40   50   60   70   80   90   100%
|----|----|----|----|----|----|----|----|----|----|
***************************************************

mode |   affinity | dist from best mode
     | (kcal/mol) | rmsd l.b.| rmsd u.b.
-----+------------+----------+----------
1       -0.0       0.000      0.000    
2       -0.0       3.624      7.550    
3       -0.0       4.043      8.587    
Refine time 84.350
Loop time 84.507
   _______  _______ _________ _        _______ 
  (  ____ \(       )\__   __/( (    /|(  ___  )
  | (    \/| () () |   ) (   |  \  ( || (   ) |
  | (_____ | || || |   | |   |   \ | || (___) |
  (_____  )| |(_)| |   | |   | (\ \) ||  ___  |
        ) || |   | |   | |   | | \   || (   ) |
  /\____) || )   ( |___) (___| )  \  || )   ( |
  \_______)|/     \|\_______/|/    )_)|/     \|


smina is based off AutoDock Vina. Please cite appropriately.

Weights      Terms
-0.045       gauss(o=0,_w=0.8,_c=8)
0.8          repulsion(o=0,_c=8)
-0.035       hydrophobic(g=0,_b=2.5,_c=8)
-0.6         non_dir_h_bond(g=-0.6,_b=0,_c=8)
0            num_tors_div

Using random seed: -709236576

0%   10   20   30   40   50   60   70   80   90   100%
|----|----|----|----|----|----|----|----|----|----|
***************************************************

mode |   affinity | dist from best mode
     | (kcal/mol) | rmsd l.b.| rmsd u.b.
-----+------------+----------+----------
1       -0.0       0.000      0.000    
2       -0.0       4.761      8.925    
3       -0.0       5.002      6.894    
Refine time 59.407
Loop time 59.631
   _______  _______ _________ _        _______ 
  (  ____ \(       )\__   __/( (    /|(  ___  )
  | (    \/| () () |   ) (   |  \  ( || (   ) |
  | (_____ | || || |   | |   |   \ | || (___) |
  (_____  )| |(_)| |   | |   | (\ \) ||  ___  |
        ) || |   | |   | |   | | \   || (   ) |
  /\____) || )   ( |___) (___| )  \  || )   ( |
  \_______)|/     \|\_______/|/    )_)|/     \|


smina is based off AutoDock Vina. Please cite appropriately.

Weights      Terms
-0.045       gauss(o=0,_w=0.8,_c=8)
0.8          repulsion(o=0,_c=8)
-0.035       hydrophobic(g=0,_b=2.5,_c=8)
-0.6         non_dir_h_bond(g=-0.6,_b=0,_c=8)
0            num_tors_div

Using random seed: -296761119

0%   10   20   30   40   50   60   70   80   90   100%
|----|----|----|----|----|----|----|----|----|----|
***************************************************

mode |   affinity | dist from best mode
     | (kcal/mol) | rmsd l.b.| rmsd u.b.
-----+------------+----------+----------
1       -0.0       0.000      0.000    
2       -0.0       2.966      3.789    
3       -0.0       3.602      5.440    
Refine time 43.851
Loop time 44.065
   _______  _______ _________ _        _______ 
  (  ____ \(       )\__   __/( (    /|(  ___  )
  | (    \/| () () |   ) (   |  \  ( || (   ) |
  | (_____ | || || |   | |   |   \ | || (___) |
  (_____  )| |(_)| |   | |   | (\ \) ||  ___  |
        ) || |   | |   | |   | | \   || (   ) |
  /\____) || )   ( |___) (___| )  \  || )   ( |
  \_______)|/     \|\_______/|/    )_)|/     \|


smina is based off AutoDock Vina. Please cite appropriately.

Weights      Terms
-0.045       gauss(o=0,_w=0.8,_c=8)
0.8          repulsion(o=0,_c=8)
-0.035       hydrophobic(g=0,_b=2.5,_c=8)
-0.6         non_dir_h_bond(g=-0.6,_b=0,_c=8)
0            num_tors_div

Using random seed: 891126864

0%   10   20   30   40   50   60   70   80   90   100%
|----|----|----|----|----|----|----|----|----|----|
***************************************************

mode |   affinity | dist from best mode
     | (kcal/mol) | rmsd l.b.| rmsd u.b.
-----+------------+----------+----------
1       -0.0       0.000      0.000    
2       -0.0       3.466      4.117    
3       -0.0       3.801      6.203    
Refine time 272.373
Loop time 272.681
   _______  _______ _________ _        _______ 
  (  ____ \(       )\__   __/( (    /|(  ___  )
  | (    \/| () () |   ) (   |  \  ( || (   ) |
  | (_____ | || || |   | |   |   \ | || (___) |
  (_____  )| |(_)| |   | |   | (\ \) ||  ___  |
        ) || |   | |   | |   | | \   || (   ) |
  /\____) || )   ( |___) (___| )  \  || )   ( |
  \_______)|/     \|\_______/|/    )_)|/     \|


smina is based off AutoDock Vina. Please cite appropriately.

Weights      Terms
-0.045       gauss(o=0,_w=0.8,_c=8)
0.8          repulsion(o=0,_c=8)
-0.035       hydrophobic(g=0,_b=2.5,_c=8)
-0.6         non_dir_h_bond(g=-0.6,_b=0,_c=8)
0            num_tors_div

Using random seed: -2125978820

0%   10   20   30   40   50   60   70   80   90   100%
|----|----|----|----|----|----|----|----|----|----|
***************************************************

mode |   affinity | dist from best mode
     | (kcal/mol) | rmsd l.b.| rmsd u.b.
-----+------------+----------+----------
1       -0.0       0.000      0.000    
2       -0.0       5.393      7.655    
3       -0.0       5.896      8.416    
Refine time 100.970
Loop time 101.193
   _______  _______ _________ _        _______ 
  (  ____ \(       )\__   __/( (    /|(  ___  )
  | (    \/| () () |   ) (   |  \  ( || (   ) |
  | (_____ | || || |   | |   |   \ | || (___) |
  (_____  )| |(_)| |   | |   | (\ \) ||  ___  |
        ) || |   | |   | |   | | \   || (   ) |
  /\____) || )   ( |___) (___| )  \  || )   ( |
  \_______)|/     \|\_______/|/    )_)|/     \|


smina is based off AutoDock Vina. Please cite appropriately.

Weights      Terms
-0.045       gauss(o=0,_w=0.8,_c=8)
0.8          repulsion(o=0,_c=8)
-0.035       hydrophobic(g=0,_b=2.5,_c=8)
-0.6         non_dir_h_bond(g=-0.6,_b=0,_c=8)
0            num_tors_div

Using random seed: -133051437

0%   10   20   30   40   50   60   70   80   90   100%
|----|----|----|----|----|----|----|----|----|----|
***************************************************

mode |   affinity | dist from best mode
     | (kcal/mol) | rmsd l.b.| rmsd u.b.
-----+------------+----------+----------
1       -0.0       0.000      0.000    
2       -0.0       3.938      6.357    
3       -0.0       3.660      7.116    
Refine time 91.970
Loop time 92.224
   _______  _______ _________ _        _______ 
  (  ____ \(       )\__   __/( (    /|(  ___  )
  | (    \/| () () |   ) (   |  \  ( || (   ) |
  | (_____ | || || |   | |   |   \ | || (___) |
  (_____  )| |(_)| |   | |   | (\ \) ||  ___  |
        ) || |   | |   | |   | | \   || (   ) |
  /\____) || )   ( |___) (___| )  \  || )   ( |
  \_______)|/     \|\_______/|/    )_)|/     \|


smina is based off AutoDock Vina. Please cite appropriately.

Weights      Terms
-0.045       gauss(o=0,_w=0.8,_c=8)
0.8          repulsion(o=0,_c=8)
-0.035       hydrophobic(g=0,_b=2.5,_c=8)
-0.6         non_dir_h_bond(g=-0.6,_b=0,_c=8)
0            num_tors_div

Using random seed: 179509339

0%   10   20   30   40   50   60   70   80   90   100%
|----|----|----|----|----|----|----|----|----|----|
***************************************************

mode |   affinity | dist from best mode
     | (kcal/mol) | rmsd l.b.| rmsd u.b.
-----+------------+----------+----------
1       0.0        0.000      0.000    
2       0.0        7.957      10.719   
3       0.0        4.950      6.946    
Refine time 192.451
Loop time 192.741
   _______  _______ _________ _        _______ 
  (  ____ \(       )\__   __/( (    /|(  ___  )
  | (    \/| () () |   ) (   |  \  ( || (   ) |
  | (_____ | || || |   | |   |   \ | || (___) |
  (_____  )| |(_)| |   | |   | (\ \) ||  ___  |
        ) || |   | |   | |   | | \   || (   ) |
  /\____) || )   ( |___) (___| )  \  || )   ( |
  \_______)|/     \|\_______/|/    )_)|/     \|


smina is based off AutoDock Vina. Please cite appropriately.

Weights      Terms
-0.045       gauss(o=0,_w=0.8,_c=8)
0.8          repulsion(o=0,_c=8)
-0.035       hydrophobic(g=0,_b=2.5,_c=8)
-0.6         non_dir_h_bond(g=-0.6,_b=0,_c=8)
0            num_tors_div

Using random seed: 1173323469

0%   10   20   30   40   50   60   70   80   90   100%
|----|----|----|----|----|----|----|----|----|----|
***************************************************

mode |   affinity | dist from best mode
     | (kcal/mol) | rmsd l.b.| rmsd u.b.
-----+------------+----------+----------
1       -0.0       0.000      0.000    
2       -0.0       3.628      5.243    
3       -0.0       3.631      5.189    
Refine time 84.503
Loop time 84.748
   _______  _______ _________ _        _______ 
  (  ____ \(       )\__   __/( (    /|(  ___  )
  | (    \/| () () |   ) (   |  \  ( || (   ) |
  | (_____ | || || |   | |   |   \ | || (___) |
  (_____  )| |(_)| |   | |   | (\ \) ||  ___  |
        ) || |   | |   | |   | | \   || (   ) |
  /\____) || )   ( |___) (___| )  \  || )   ( |
  \_______)|/     \|\_______/|/    )_)|/     \|


smina is based off AutoDock Vina. Please cite appropriately.

Weights      Terms
-0.045       gauss(o=0,_w=0.8,_c=8)
0.8          repulsion(o=0,_c=8)
-0.035       hydrophobic(g=0,_b=2.5,_c=8)
-0.6         non_dir_h_bond(g=-0.6,_b=0,_c=8)
0            num_tors_div

Using random seed: 575539933

0%   10   20   30   40   50   60   70   80   90   100%
|----|----|----|----|----|----|----|----|----|----|
***************************************************

mode |   affinity | dist from best mode
     | (kcal/mol) | rmsd l.b.| rmsd u.b.
-----+------------+----------+----------
1       -0.0       0.000      0.000    
2       -0.0       3.623      5.410    
3       -0.0       5.020      6.489    
Refine time 82.034
Loop time 82.352
   _______  _______ _________ _        _______ 
  (  ____ \(       )\__   __/( (    /|(  ___  )
  | (    \/| () () |   ) (   |  \  ( || (   ) |
  | (_____ | || || |   | |   |   \ | || (___) |
  (_____  )| |(_)| |   | |   | (\ \) ||  ___  |
        ) || |   | |   | |   | | \   || (   ) |
  /\____) || )   ( |___) (___| )  \  || )   ( |
  \_______)|/     \|\_______/|/    )_)|/     \|


smina is based off AutoDock Vina. Please cite appropriately.

Weights      Terms
-0.045       gauss(o=0,_w=0.8,_c=8)
0.8          repulsion(o=0,_c=8)
-0.035       hydrophobic(g=0,_b=2.5,_c=8)
-0.6         non_dir_h_bond(g=-0.6,_b=0,_c=8)
0            num_tors_div

Using random seed: -1379425560

0%   10   20   30   40   50   60   70   80   90   100%
|----|----|----|----|----|----|----|----|----|----|
***************************************************

mode |   affinity | dist from best mode
     | (kcal/mol) | rmsd l.b.| rmsd u.b.
-----+------------+----------+----------
1       -0.0       0.000      0.000    
2       -0.0       5.633      6.889    
3       -0.0       4.063      6.315    
Refine time 275.835
Loop time 276.024
   _______  _______ _________ _        _______ 
  (  ____ \(       )\__   __/( (    /|(  ___  )
  | (    \/| () () |   ) (   |  \  ( || (   ) |
  | (_____ | || || |   | |   |   \ | || (___) |
  (_____  )| |(_)| |   | |   | (\ \) ||  ___  |
        ) || |   | |   | |   | | \   || (   ) |
  /\____) || )   ( |___) (___| )  \  || )   ( |
  \_______)|/     \|\_______/|/    )_)|/     \|


smina is based off AutoDock Vina. Please cite appropriately.

Weights      Terms
-0.045       gauss(o=0,_w=0.8,_c=8)
0.8          repulsion(o=0,_c=8)
-0.035       hydrophobic(g=0,_b=2.5,_c=8)
-0.6         non_dir_h_bond(g=-0.6,_b=0,_c=8)
0            num_tors_div

Using random seed: -1827425408

0%   10   20   30   40   50   60   70   80   90   100%
|----|----|----|----|----|----|----|----|----|----|
***************************************************

mode |   affinity | dist from best mode
     | (kcal/mol) | rmsd l.b.| rmsd u.b.
-----+------------+----------+----------
1       -0.0       0.000      0.000    
2       -0.0       4.656      6.978    
3       -0.0       7.822      10.249   
Refine time 354.362
Loop time 354.559
   _______  _______ _________ _        _______ 
  (  ____ \(       )\__   __/( (    /|(  ___  )
  | (    \/| () () |   ) (   |  \  ( || (   ) |
  | (_____ | || || |   | |   |   \ | || (___) |
  (_____  )| |(_)| |   | |   | (\ \) ||  ___  |
        ) || |   | |   | |   | | \   || (   ) |
  /\____) || )   ( |___) (___| )  \  || )   ( |
  \_______)|/     \|\_______/|/    )_)|/     \|


smina is based off AutoDock Vina. Please cite appropriately.

Weights      Terms
-0.045       gauss(o=0,_w=0.8,_c=8)
0.8          repulsion(o=0,_c=8)
-0.035       hydrophobic(g=0,_b=2.5,_c=8)
-0.6         non_dir_h_bond(g=-0.6,_b=0,_c=8)
0            num_tors_div

Using random seed: 1190052516

0%   10   20   30   40   50   60   70   80   90   100%
|----|----|----|----|----|----|----|----|----|----|
***************************************************

mode |   affinity | dist from best mode
     | (kcal/mol) | rmsd l.b.| rmsd u.b.
-----+------------+----------+----------
1       -0.0       0.000      0.000    
2       -0.0       5.291      6.533    
3       -0.0       3.486      5.448    
Refine time 354.413
Loop time 354.582
   _______  _______ _________ _        _______ 
  (  ____ \(       )\__   __/( (    /|(  ___  )
  | (    \/| () () |   ) (   |  \  ( || (   ) |
  | (_____ | || || |   | |   |   \ | || (___) |
  (_____  )| |(_)| |   | |   | (\ \) ||  ___  |
        ) || |   | |   | |   | | \   || (   ) |
  /\____) || )   ( |___) (___| )  \  || )   ( |
  \_______)|/     \|\_______/|/    )_)|/     \|


smina is based off AutoDock Vina. Please cite appropriately.

Weights      Terms
-0.045       gauss(o=0,_w=0.8,_c=8)
0.8          repulsion(o=0,_c=8)
-0.035       hydrophobic(g=0,_b=2.5,_c=8)
-0.6         non_dir_h_bond(g=-0.6,_b=0,_c=8)
0            num_tors_div

Using random seed: 809340100

0%   10   20   30   40   50   60   70   80   90   100%
|----|----|----|----|----|----|----|----|----|----|
***************************************************

mode |   affinity | dist from best mode
     | (kcal/mol) | rmsd l.b.| rmsd u.b.
-----+------------+----------+----------
1       -0.0       0.000      0.000    
2       -0.0       4.148      6.760    
3       -0.0       3.743      5.404    
Refine time 354.877
Loop time 355.084
   _______  _______ _________ _        _______ 
  (  ____ \(       )\__   __/( (    /|(  ___  )
  | (    \/| () () |   ) (   |  \  ( || (   ) |
  | (_____ | || || |   | |   |   \ | || (___) |
  (_____  )| |(_)| |   | |   | (\ \) ||  ___  |
        ) || |   | |   | |   | | \   || (   ) |
  /\____) || )   ( |___) (___| )  \  || )   ( |
  \_______)|/     \|\_______/|/    )_)|/     \|


smina is based off AutoDock Vina. Please cite appropriately.

Weights      Terms
-0.045       gauss(o=0,_w=0.8,_c=8)
0.8          repulsion(o=0,_c=8)
-0.035       hydrophobic(g=0,_b=2.5,_c=8)
-0.6         non_dir_h_bond(g=-0.6,_b=0,_c=8)
0            num_tors_div

Using random seed: 1371037229

0%   10   20   30   40   50   60   70   80   90   100%
|----|----|----|----|----|----|----|----|----|----|
***************************************************

mode |   affinity | dist from best mode
     | (kcal/mol) | rmsd l.b.| rmsd u.b.
-----+------------+----------+----------
1       -0.0       0.000      0.000    
2       0.0        6.765      11.752   
3       0.0        5.620      11.015   
Refine time 257.939
Loop time 258.223
   _______  _______ _________ _        _______ 
  (  ____ \(       )\__   __/( (    /|(  ___  )
  | (    \/| () () |   ) (   |  \  ( || (   ) |
  | (_____ | || || |   | |   |   \ | || (___) |
  (_____  )| |(_)| |   | |   | (\ \) ||  ___  |
        ) || |   | |   | |   | | \   || (   ) |
  /\____) || )   ( |___) (___| )  \  || )   ( |
  \_______)|/     \|\_______/|/    )_)|/     \|


smina is based off AutoDock Vina. Please cite appropriately.

Weights      Terms
-0.045       gauss(o=0,_w=0.8,_c=8)
0.8          repulsion(o=0,_c=8)
-0.035       hydrophobic(g=0,_b=2.5,_c=8)
-0.6         non_dir_h_bond(g=-0.6,_b=0,_c=8)
0            num_tors_div

Using random seed: -2129909586

0%   10   20   30   40   50   60   70   80   90   100%
|----|----|----|----|----|----|----|----|----|----|
***************************************************

mode |   affinity | dist from best mode
     | (kcal/mol) | rmsd l.b.| rmsd u.b.
-----+------------+----------+----------
1       -0.0       0.000      0.000    
2       -0.0       6.156      10.037   
3       -0.0       4.011      5.431    
Refine time 214.348
Loop time 214.607
